<?xml version="1.0" encoding="UTF-8"?>
<!-- Generated by org.testng.reporters.JUnitReportReporter -->
<testsuite hostname="DESKTOP-IGBPCA6" failures="0" tests="1" name="App.Test.login" time="7.970" errors="0" timestamp="2024-12-17T23:20:00 IST" skipped="0">
  <testcase classname="App.Test.login" name="Verifying_login" time="7.970"/>
</testsuite> <!-- App.Test.login -->
